┌ Warning: Module LogExpFunctions with build ID 1827685233041912 is missing from the cache.
│ This may mean LogExpFunctions [2ab3a3ac-af41-5b50-aa03-7779005ae688] does not support precompilation but is imported by a module that does.
└ @ Base loading.jl:1107
┌ Warning: Module LogExpFunctions with build ID 1827685233041912 is missing from the cache.
│ This may mean LogExpFunctions [2ab3a3ac-af41-5b50-aa03-7779005ae688] does not support precompilation but is imported by a module that does.
└ @ Base loading.jl:1107
┌ Warning: rmprocs: process 1 not removed
└ @ Distributed /builddir/build/BUILD/julia-1.7.1/build/usr/share/julia/stdlib/v1.7/Distributed/src/cluster.jl:1045
┌ Warning: The call to compilecache failed to create a usable precompiled cache file for Plots [91a5bcdd-55d7-5caf-9e0b-520d859cae80]
│   exception = Required dependency ColorSchemes [35d6a980-a343-548e-a6ea-1d62b119f2f4] failed to load from a cache file.
└ @ Base loading.jl:1132
      From worker 5:	┌ Warning: Module LogExpFunctions with build ID 1827685233041912 is missing from the cache.
      From worker 5:	│ This may mean LogExpFunctions [2ab3a3ac-af41-5b50-aa03-7779005ae688] does not support precompilation but is imported by a module that does.
      From worker 5:	└ @ Base loading.jl:1107
      From worker 6:	┌ Warning: Module LogExpFunctions with build ID 1827685233041912 is missing from the cache.
      From worker 6:	│ This may mean LogExpFunctions [2ab3a3ac-af41-5b50-aa03-7779005ae688] does not support precompilation but is imported by a module that does.
      From worker 6:	└ @ Base loading.jl:1107
      From worker 3:	┌ Warning: Module LogExpFunctions with build ID 1827685233041912 is missing from the cache.
      From worker 3:	│ This may mean LogExpFunctions [2ab3a3ac-af41-5b50-aa03-7779005ae688] does not support precompilation but is imported by a module that does.
      From worker 3:	└ @ Base loading.jl:1107
      From worker 4:	┌ Warning: Module LogExpFunctions with build ID 1827685233041912 is missing from the cache.
      From worker 4:	│ This may mean LogExpFunctions [2ab3a3ac-af41-5b50-aa03-7779005ae688] does not support precompilation but is imported by a module that does.
      From worker 4:	└ @ Base loading.jl:1107
      From worker 2:	┌ Warning: Module LogExpFunctions with build ID 1827685233041912 is missing from the cache.
      From worker 2:	│ This may mean LogExpFunctions [2ab3a3ac-af41-5b50-aa03-7779005ae688] does not support precompilation but is imported by a module that does.
      From worker 2:	└ @ Base loading.jl:1107
      From worker 4:	┌ Warning: The call to compilecache failed to create a usable precompiled cache file for Plots [91a5bcdd-55d7-5caf-9e0b-520d859cae80]
      From worker 4:	│   exception = Required dependency ColorSchemes [35d6a980-a343-548e-a6ea-1d62b119f2f4] failed to load from a cache file.
      From worker 4:	└ @ Base loading.jl:1132
      From worker 3:	┌ Warning: The call to compilecache failed to create a usable precompiled cache file for Plots [91a5bcdd-55d7-5caf-9e0b-520d859cae80]
      From worker 3:	│   exception = Required dependency ColorSchemes [35d6a980-a343-548e-a6ea-1d62b119f2f4] failed to load from a cache file.
      From worker 3:	└ @ Base loading.jl:1132
      From worker 2:	┌ Warning: The call to compilecache failed to create a usable precompiled cache file for Plots [91a5bcdd-55d7-5caf-9e0b-520d859cae80]
      From worker 2:	│   exception = Required dependency ColorSchemes [35d6a980-a343-548e-a6ea-1d62b119f2f4] failed to load from a cache file.
      From worker 2:	└ @ Base loading.jl:1132
      From worker 5:	┌ Warning: The call to compilecache failed to create a usable precompiled cache file for Plots [91a5bcdd-55d7-5caf-9e0b-520d859cae80]
      From worker 5:	│   exception = Required dependency ColorSchemes [35d6a980-a343-548e-a6ea-1d62b119f2f4] failed to load from a cache file.
      From worker 5:	└ @ Base loading.jl:1132
      From worker 6:	┌ Warning: The call to compilecache failed to create a usable precompiled cache file for Plots [91a5bcdd-55d7-5caf-9e0b-520d859cae80]
      From worker 6:	│   exception = Required dependency ColorSchemes [35d6a980-a343-548e-a6ea-1d62b119f2f4] failed to load from a cache file.
      From worker 6:	└ @ Base loading.jl:1132
      From worker 4:	┌ Warning: Module LogExpFunctions with build ID 1827685233041912 is missing from the cache.
      From worker 4:	│ This may mean LogExpFunctions [2ab3a3ac-af41-5b50-aa03-7779005ae688] does not support precompilation but is imported by a module that does.
      From worker 4:	└ @ Base loading.jl:1107
      From worker 3:	┌ Warning: Module LogExpFunctions with build ID 1827685233041912 is missing from the cache.
      From worker 3:	│ This may mean LogExpFunctions [2ab3a3ac-af41-5b50-aa03-7779005ae688] does not support precompilation but is imported by a module that does.
      From worker 3:	└ @ Base loading.jl:1107
      From worker 2:	┌ Warning: Module LogExpFunctions with build ID 1827685233041912 is missing from the cache.
      From worker 2:	│ This may mean LogExpFunctions [2ab3a3ac-af41-5b50-aa03-7779005ae688] does not support precompilation but is imported by a module that does.
      From worker 2:	└ @ Base loading.jl:1107
      From worker 6:	┌ Warning: Module LogExpFunctions with build ID 1827685233041912 is missing from the cache.
      From worker 6:	│ This may mean LogExpFunctions [2ab3a3ac-af41-5b50-aa03-7779005ae688] does not support precompilation but is imported by a module that does.
      From worker 6:	└ @ Base loading.jl:1107
      From worker 5:	┌ Warning: Module LogExpFunctions with build ID 1827685233041912 is missing from the cache.
      From worker 5:	│ This may mean LogExpFunctions [2ab3a3ac-af41-5b50-aa03-7779005ae688] does not support precompilation but is imported by a module that does.
      From worker 5:	└ @ Base loading.jl:1107
NK = 100
ok
ok
hsbz_ok
writeBZ_ok
BZ_ok
sgn_ok
int_ok
70591.471738 seconds (79.90 M allocations: 2.545 GiB, 0.00% gc time, 0.03% compilation time)
completed,M=1.5,U=0.052
