┌ Warning: Module Tables with build ID 454724819151638 is missing from the cache.
│ This may mean Tables [bd369af6-aec1-5ad0-b16a-f7cc5008161c] does not support precompilation but is imported by a module that does.
└ @ Base loading.jl:1107
┌ Warning: The call to compilecache failed to create a usable precompiled cache file for Tables [bd369af6-aec1-5ad0-b16a-f7cc5008161c]
│   exception = Required dependency TableTraits [3783bdb8-4a98-5b6b-af9a-565f29a5fe9c] failed to load from a cache file.
└ @ Base loading.jl:1132
┌ Warning: The call to compilecache failed to create a usable precompiled cache file for Gettext_jll [78b55507-aeef-58d4-861c-77aaff3498b1]
│   exception = Required dependency XML2_jll [02c8fc9c-b97f-50b9-bbe4-9be30ff0a78a] failed to load from a cache file.
└ @ Base loading.jl:1132
┌ Warning: The call to compilecache failed to create a usable precompiled cache file for XSLT_jll [aed1982a-8fda-507f-9586-7b0439959a61]
│   exception = Required dependency Libgcrypt_jll [d4300ac3-e22c-5743-9152-c294e39db1e4] failed to load from a cache file.
└ @ Base loading.jl:1132
┌ Warning: The call to compilecache failed to create a usable precompiled cache file for Xorg_libxcb_jll [c7cfdc94-dc32-55de-ac96-5a1b8d977c5b]
│   exception = Invalid input in module list: expected Xorg_libXau_jll.
└ @ Base loading.jl:1132
┌ Warning: The call to compilecache failed to create a usable precompiled cache file for Xorg_libX11_jll [4f6342f7-b3d2-589e-9d20-edeb45f2b2bc]
│   exception = Required dependency XSLT_jll [aed1982a-8fda-507f-9586-7b0439959a61] failed to load from a cache file.
└ @ Base loading.jl:1132
┌ Warning: Module Xorg_libX11_jll with build ID 454759345905642 is missing from the cache.
│ This may mean Xorg_libX11_jll [4f6342f7-b3d2-589e-9d20-edeb45f2b2bc] does not support precompilation but is imported by a module that does.
└ @ Base loading.jl:1107
┌ Warning: The call to compilecache failed to create a usable precompiled cache file for Fontconfig_jll [a3f928ae-7b40-5064-980b-68af3947d34b]
│   exception = Required dependency Expat_jll [2e619515-83b5-522b-bb60-26c02a35a201] failed to load from a cache file.
└ @ Base loading.jl:1132
┌ Warning: Module Xorg_libX11_jll with build ID 454759345905642 is missing from the cache.
│ This may mean Xorg_libX11_jll [4f6342f7-b3d2-589e-9d20-edeb45f2b2bc] does not support precompilation but is imported by a module that does.
└ @ Base loading.jl:1107
┌ Warning: The call to compilecache failed to create a usable precompiled cache file for Cairo_jll [83423d85-b0ee-5818-9007-b63ccbeb887a]
│   exception = Required dependency Gettext_jll [78b55507-aeef-58d4-861c-77aaff3498b1] failed to load from a cache file.
└ @ Base loading.jl:1132
┌ Warning: The call to compilecache failed to create a usable precompiled cache file for HarfBuzz_jll [2e76f6c2-a576-52d4-95c1-20adfe4de566]
│   exception = Required dependency Xorg_libX11_jll [4f6342f7-b3d2-589e-9d20-edeb45f2b2bc] failed to load from a cache file.
└ @ Base loading.jl:1132
┌ Warning: Replacing module `Glib_jll`
└ @ Base loading.jl:1036
┌ Warning: The call to compilecache failed to create a usable precompiled cache file for libass_jll [0ac62f75-1d6f-5e53-bd7c-93b484bb37c0]
│   exception = Required dependency Glib_jll [7746bdde-850d-59dc-9ae8-88ece973131d] failed to load from a cache file.
└ @ Base loading.jl:1132
┌ Warning: The call to compilecache failed to create a usable precompiled cache file for FFMPEG_jll [b22a6f82-2f65-5046-a5b2-351ab43fb4e5]
│   exception = Invalid input in module list: expected OpenSSL_jll.
└ @ Base loading.jl:1132
┌ Warning: Module FixedPointNumbers with build ID 454778150578935 is missing from the cache.
│ This may mean FixedPointNumbers [53c48c17-4a7d-5ca2-90c5-79b7896eea93] does not support precompilation but is imported by a module that does.
└ @ Base loading.jl:1107
┌ Warning: The call to compilecache failed to create a usable precompiled cache file for Colors [5ae59095-9a9b-59fe-a467-6f913c188581]
│   exception = Required dependency FixedPointNumbers [53c48c17-4a7d-5ca2-90c5-79b7896eea93] failed to load from a cache file.
└ @ Base loading.jl:1132
┌ Warning: The call to compilecache failed to create a usable precompiled cache file for LogExpFunctions [2ab3a3ac-af41-5b50-aa03-7779005ae688]
│   exception = Required dependency IrrationalConstants [92d709cd-6900-40b7-9082-c6be49f344b6] failed to load from a cache file.
└ @ Base loading.jl:1132
┌ Warning: Module NaNMath with build ID 454819152444741 is missing from the cache.
│ This may mean NaNMath [77ba4419-2d1f-58cd-9bb1-8ffee604a2e3] does not support precompilation but is imported by a module that does.
└ @ Base loading.jl:1107
┌ Warning: The call to compilecache failed to create a usable precompiled cache file for GR [28b8d3ca-fb5f-59d9-8090-bfdbd6d07a71]
│   exception = Required dependency RelocatableFolders [05181044-ff0b-4ac5-8273-598c1e38db00] failed to load from a cache file.
└ @ Base loading.jl:1132
┌ Warning: Module FFMPEG_jll with build ID 454774112053572 is missing from the cache.
│ This may mean FFMPEG_jll [b22a6f82-2f65-5046-a5b2-351ab43fb4e5] does not support precompilation but is imported by a module that does.
└ @ Base loading.jl:1107
┌ Warning: rmprocs: process 1 not removed
└ @ Distributed /builddir/build/BUILD/julia-1.7.3/build/usr/share/julia/stdlib/v1.7/Distributed/src/cluster.jl:1045
┌ Warning: The call to compilecache failed to create a usable precompiled cache file for Plots [91a5bcdd-55d7-5caf-9e0b-520d859cae80]
│   exception = Required dependency Parsers [69de0a69-1ddd-5017-9359-2bf0b02dc9f0] failed to load from a cache file.
└ @ Base loading.jl:1132
NK = 100
ok
ok
      From worker 2:	┌ Warning: Module FFMPEG_jll with build ID 454774112053572 is missing from the cache.
      From worker 2:	│ This may mean FFMPEG_jll [b22a6f82-2f65-5046-a5b2-351ab43fb4e5] does not support precompilation but is imported by a module that does.
      From worker 2:	└ @ Base loading.jl:1107
      From worker 4:	┌ Warning: Module FFMPEG_jll with build ID 454774112053572 is missing from the cache.
      From worker 4:	│ This may mean FFMPEG_jll [b22a6f82-2f65-5046-a5b2-351ab43fb4e5] does not support precompilation but is imported by a module that does.
      From worker 4:	└ @ Base loading.jl:1107
      From worker 8:	┌ Warning: Module FFMPEG_jll with build ID 454774112053572 is missing from the cache.
      From worker 8:	│ This may mean FFMPEG_jll [b22a6f82-2f65-5046-a5b2-351ab43fb4e5] does not support precompilation but is imported by a module that does.
      From worker 8:	└ @ Base loading.jl:1107
      From worker 9:	┌ Warning: Module FFMPEG_jll with build ID 454774112053572 is missing from the cache.
      From worker 9:	│ This may mean FFMPEG_jll [b22a6f82-2f65-5046-a5b2-351ab43fb4e5] does not support precompilation but is imported by a module that does.
      From worker 9:	└ @ Base loading.jl:1107
      From worker 7:	┌ Warning: Module FFMPEG_jll with build ID 454774112053572 is missing from the cache.
      From worker 7:	│ This may mean FFMPEG_jll [b22a6f82-2f65-5046-a5b2-351ab43fb4e5] does not support precompilation but is imported by a module that does.
      From worker 7:	└ @ Base loading.jl:1107
      From worker 5:	┌ Warning: Module FFMPEG_jll with build ID 454774112053572 is missing from the cache.
      From worker 5:	│ This may mean FFMPEG_jll [b22a6f82-2f65-5046-a5b2-351ab43fb4e5] does not support precompilation but is imported by a module that does.
      From worker 5:	└ @ Base loading.jl:1107
      From worker 6:	┌ Warning: Module FFMPEG_jll with build ID 454774112053572 is missing from the cache.
      From worker 6:	│ This may mean FFMPEG_jll [b22a6f82-2f65-5046-a5b2-351ab43fb4e5] does not support precompilation but is imported by a module that does.
      From worker 6:	└ @ Base loading.jl:1107
      From worker 3:	┌ Warning: Module FFMPEG_jll with build ID 454774112053572 is missing from the cache.
      From worker 3:	│ This may mean FFMPEG_jll [b22a6f82-2f65-5046-a5b2-351ab43fb4e5] does not support precompilation but is imported by a module that does.
      From worker 3:	└ @ Base loading.jl:1107
hsbz_ok
writeBZ_ok
BZ_ok
sgn_ok
int_ok
41364.322643 seconds (92.10 M allocations: 3.150 GiB, 0.00% gc time, 0.04% compilation time)
completed,M=1.85,U=0.022
