┌ Warning: The call to compilecache failed to create a usable precompiled cache file for TableTraits [3783bdb8-4a98-5b6b-af9a-565f29a5fe9c]
│   exception = Required dependency IteratorInterfaceExtensions [82899510-4779-5014-852e-03e436cf321d] failed to load from a cache file.
└ @ Base loading.jl:1132
┌ Warning: Module Tables with build ID 454724751469308 is missing from the cache.
│ This may mean Tables [bd369af6-aec1-5ad0-b16a-f7cc5008161c] does not support precompilation but is imported by a module that does.
└ @ Base loading.jl:1107
┌ Warning: The call to compilecache failed to create a usable precompiled cache file for JLLWrappers [692b3bcd-3c85-4b1f-b108-f13ce0eb3210]
│   exception = Required dependency Preferences [21216c6a-2e73-6563-6e65-726566657250] failed to load from a cache file.
└ @ Base loading.jl:1132
┌ Warning: The call to compilecache failed to create a usable precompiled cache file for Tables [bd369af6-aec1-5ad0-b16a-f7cc5008161c]
│   exception = Required dependency DataValueInterfaces [e2d170a0-9d28-54be-80f0-106bbe20a464] failed to load from a cache file.
└ @ Base loading.jl:1132
┌ Warning: The call to compilecache failed to create a usable precompiled cache file for Xorg_libxcb_jll [c7cfdc94-dc32-55de-ac96-5a1b8d977c5b]
│   exception = Required dependency Xorg_libXau_jll [0c0b7dd1-d40b-584c-a123-a41640f87eec] failed to load from a cache file.
└ @ Base loading.jl:1132
┌ Warning: The call to compilecache failed to create a usable precompiled cache file for Xorg_libX11_jll [4f6342f7-b3d2-589e-9d20-edeb45f2b2bc]
│   exception = Required dependency Xorg_xtrans_jll [c5fb5394-a638-5e4d-96e5-b29de1b5cf10] failed to load from a cache file.
└ @ Base loading.jl:1132
┌ Warning: The call to compilecache failed to create a usable precompiled cache file for Glib_jll [7746bdde-850d-59dc-9ae8-88ece973131d]
│   exception = Required dependency Gettext_jll [78b55507-aeef-58d4-861c-77aaff3498b1] failed to load from a cache file.
└ @ Base loading.jl:1132
┌ Warning: The call to compilecache failed to create a usable precompiled cache file for Fontconfig_jll [a3f928ae-7b40-5064-980b-68af3947d34b]
│   exception = Required dependency Expat_jll [2e619515-83b5-522b-bb60-26c02a35a201] failed to load from a cache file.
└ @ Base loading.jl:1132
┌ Warning: The call to compilecache failed to create a usable precompiled cache file for Xorg_libXext_jll [1082639a-0dae-5f34-9b06-72781eeb8cb3]
│   exception = Required dependency Xorg_libxcb_jll [c7cfdc94-dc32-55de-ac96-5a1b8d977c5b] failed to load from a cache file.
└ @ Base loading.jl:1132
┌ Warning: The call to compilecache failed to create a usable precompiled cache file for HarfBuzz_jll [2e76f6c2-a576-52d4-95c1-20adfe4de566]
│   exception = Required dependency Glib_jll [7746bdde-850d-59dc-9ae8-88ece973131d] failed to load from a cache file.
└ @ Base loading.jl:1132
┌ Warning: Replacing module `Glib_jll`
└ @ Base loading.jl:1036
┌ Warning: The call to compilecache failed to create a usable precompiled cache file for libass_jll [0ac62f75-1d6f-5e53-bd7c-93b484bb37c0]
│   exception = Required dependency Glib_jll [7746bdde-850d-59dc-9ae8-88ece973131d] failed to load from a cache file.
└ @ Base loading.jl:1132
┌ Warning: The call to compilecache failed to create a usable precompiled cache file for libvorbis_jll [f27f6e37-5d2b-51aa-960f-b287f2bc3b7a]
│   exception = Required dependency Ogg_jll [e7412a2a-1a6e-54c0-be00-318e2571c051] failed to load from a cache file.
└ @ Base loading.jl:1132
┌ Warning: The call to compilecache failed to create a usable precompiled cache file for FFMPEG_jll [b22a6f82-2f65-5046-a5b2-351ab43fb4e5]
│   exception = Required dependency OpenSSL_jll [458c3c95-2e84-50aa-8efc-19380b2a3a95] failed to load from a cache file.
└ @ Base loading.jl:1132
┌ Warning: Module Reexport with build ID 454716745755952 is missing from the cache.
│ This may mean Reexport [189a3867-3050-52da-a836-e630ba90ab69] does not support precompilation but is imported by a module that does.
└ @ Base loading.jl:1107
┌ Warning: Module Reexport with build ID 454716745755952 is missing from the cache.
│ This may mean Reexport [189a3867-3050-52da-a836-e630ba90ab69] does not support precompilation but is imported by a module that does.
└ @ Base loading.jl:1107
┌ Warning: Module Reexport with build ID 454716745755952 is missing from the cache.
│ This may mean Reexport [189a3867-3050-52da-a836-e630ba90ab69] does not support precompilation but is imported by a module that does.
└ @ Base loading.jl:1107
┌ Warning: Module Reexport with build ID 454716745755952 is missing from the cache.
│ This may mean Reexport [189a3867-3050-52da-a836-e630ba90ab69] does not support precompilation but is imported by a module that does.
└ @ Base loading.jl:1107
┌ Warning: Module Reexport with build ID 454716745755952 is missing from the cache.
│ This may mean Reexport [189a3867-3050-52da-a836-e630ba90ab69] does not support precompilation but is imported by a module that does.
└ @ Base loading.jl:1107
┌ Warning: Module Reexport with build ID 454716745755952 is missing from the cache.
│ This may mean Reexport [189a3867-3050-52da-a836-e630ba90ab69] does not support precompilation but is imported by a module that does.
└ @ Base loading.jl:1107
┌ Warning: Module Reexport with build ID 454716745755952 is missing from the cache.
│ This may mean Reexport [189a3867-3050-52da-a836-e630ba90ab69] does not support precompilation but is imported by a module that does.
└ @ Base loading.jl:1107
┌ Warning: Module PlotUtils with build ID 454779869077861 is missing from the cache.
│ This may mean PlotUtils [995b91a9-d308-5afd-9ec6-746e21dbc043] does not support precompilation but is imported by a module that does.
└ @ Base loading.jl:1107
┌ Warning: The call to compilecache failed to create a usable precompiled cache file for LogExpFunctions [2ab3a3ac-af41-5b50-aa03-7779005ae688]
│   exception = Required dependency InverseFunctions [3587e190-3f89-42d0-90ee-14403ec27112] failed to load from a cache file.
└ @ Base loading.jl:1132
┌ Warning: Module PlotUtils with build ID 454779869077861 is missing from the cache.
│ This may mean PlotUtils [995b91a9-d308-5afd-9ec6-746e21dbc043] does not support precompilation but is imported by a module that does.
└ @ Base loading.jl:1107
┌ Warning: The call to compilecache failed to create a usable precompiled cache file for GeometryBasics [5c1252a2-5f33-56bf-86c9-59e7332b4326]
│   exception = Required dependency EarCut_jll [5ae413db-bbd1-5e63-b57d-d24a61df00f5] failed to load from a cache file.
└ @ Base loading.jl:1132
┌ Warning: The call to compilecache failed to create a usable precompiled cache file for StatsBase [2913bbd2-ae8a-5f71-8c99-4fb6c76f3a91]
│   exception = Required dependency StatsAPI [82ae8749-77ed-4fe6-ae5f-f523153014b0] failed to load from a cache file.
└ @ Base loading.jl:1132
┌ Warning: The call to compilecache failed to create a usable precompiled cache file for GR [28b8d3ca-fb5f-59d9-8090-bfdbd6d07a71]
│   exception = Required dependency RelocatableFolders [05181044-ff0b-4ac5-8273-598c1e38db00] failed to load from a cache file.
└ @ Base loading.jl:1132
┌ Warning: Module FFMPEG_jll with build ID 454774112053572 is missing from the cache.
│ This may mean FFMPEG_jll [b22a6f82-2f65-5046-a5b2-351ab43fb4e5] does not support precompilation but is imported by a module that does.
└ @ Base loading.jl:1107
┌ Warning: rmprocs: process 1 not removed
└ @ Distributed /builddir/build/BUILD/julia-1.7.3/build/usr/share/julia/stdlib/v1.7/Distributed/src/cluster.jl:1045
┌ Warning: The call to compilecache failed to create a usable precompiled cache file for Plots [91a5bcdd-55d7-5caf-9e0b-520d859cae80]
│   exception = Required dependency Reexport [189a3867-3050-52da-a836-e630ba90ab69] failed to load from a cache file.
└ @ Base loading.jl:1132
NK = 100
ok
ok
      From worker 3:	┌ Warning: Module FFMPEG_jll with build ID 454774112053572 is missing from the cache.
      From worker 3:	│ This may mean FFMPEG_jll [b22a6f82-2f65-5046-a5b2-351ab43fb4e5] does not support precompilation but is imported by a module that does.
      From worker 3:	└ @ Base loading.jl:1107
      From worker 6:	┌ Warning: Module FFMPEG_jll with build ID 454774112053572 is missing from the cache.
      From worker 6:	│ This may mean FFMPEG_jll [b22a6f82-2f65-5046-a5b2-351ab43fb4e5] does not support precompilation but is imported by a module that does.
      From worker 6:	└ @ Base loading.jl:1107
      From worker 5:	┌ Warning: Module FFMPEG_jll with build ID 454774112053572 is missing from the cache.
      From worker 5:	│ This may mean FFMPEG_jll [b22a6f82-2f65-5046-a5b2-351ab43fb4e5] does not support precompilation but is imported by a module that does.
      From worker 5:	└ @ Base loading.jl:1107
      From worker 4:	┌ Warning: Module FFMPEG_jll with build ID 454774112053572 is missing from the cache.
      From worker 4:	│ This may mean FFMPEG_jll [b22a6f82-2f65-5046-a5b2-351ab43fb4e5] does not support precompilation but is imported by a module that does.
      From worker 4:	└ @ Base loading.jl:1107
      From worker 9:	┌ Warning: Module FFMPEG_jll with build ID 454774112053572 is missing from the cache.
      From worker 9:	│ This may mean FFMPEG_jll [b22a6f82-2f65-5046-a5b2-351ab43fb4e5] does not support precompilation but is imported by a module that does.
      From worker 9:	└ @ Base loading.jl:1107
      From worker 7:	┌ Warning: Module FFMPEG_jll with build ID 454774112053572 is missing from the cache.
      From worker 7:	│ This may mean FFMPEG_jll [b22a6f82-2f65-5046-a5b2-351ab43fb4e5] does not support precompilation but is imported by a module that does.
      From worker 7:	└ @ Base loading.jl:1107
      From worker 2:	┌ Warning: Module FFMPEG_jll with build ID 454774112053572 is missing from the cache.
      From worker 2:	│ This may mean FFMPEG_jll [b22a6f82-2f65-5046-a5b2-351ab43fb4e5] does not support precompilation but is imported by a module that does.
      From worker 2:	└ @ Base loading.jl:1107
      From worker 8:	┌ Warning: Module FFMPEG_jll with build ID 454774112053572 is missing from the cache.
      From worker 8:	│ This may mean FFMPEG_jll [b22a6f82-2f65-5046-a5b2-351ab43fb4e5] does not support precompilation but is imported by a module that does.
      From worker 8:	└ @ Base loading.jl:1107
hsbz_ok
writeBZ_ok
BZ_ok
sgn_ok
int_ok
41323.128517 seconds (92.13 M allocations: 3.151 GiB, 0.00% gc time, 0.04% compilation time)
completed,M=1.75,U=0.022
